<?xml version="1.0" encoding="UTF-8"?>
<testsuite name="Test.Model.TestRecord" tests="6" skipped="0" failures="0" errors="0" timestamp="2021-03-09T00:18:47" hostname="DESKTOP-F1BJT3D" time="0.005">
  <properties/>
  <testcase name="testGetInStock" classname="Test.Model.TestRecord" time="0.002"/>
  <testcase name="testGetPrice" classname="Test.Model.TestRecord" time="0.0"/>
  <testcase name="testGetId" classname="Test.Model.TestRecord" time="0.0"/>
  <testcase name="testSetId" classname="Test.Model.TestRecord" time="0.001"/>
  <testcase name="testGetTypeOfRecord" classname="Test.Model.TestRecord" time="0.001"/>
  <testcase name="testGetAlbumName" classname="Test.Model.TestRecord" time="0.0"/>
  <system-out><![CDATA[]]></system-out>
  <system-err><![CDATA[]]></system-err>
</testsuite>
