<?xml version="1.0" encoding="UTF-8"?>
<testsuite name="Repository.TestXmlFileRepository" tests="4" skipped="0" failures="0" errors="0" timestamp="2021-03-15T16:32:22" hostname="DESKTOP-KVECA8S" time="0.28">
  <properties/>
  <testcase name="testFindAll" classname="Repository.TestXmlFileRepository" time="0.047"/>
  <testcase name="testFindOne" classname="Repository.TestXmlFileRepository" time="0.009"/>
  <testcase name="testSaveAndDelete" classname="Repository.TestXmlFileRepository" time="0.201"/>
  <testcase name="testUpdate" classname="Repository.TestXmlFileRepository" time="0.023"/>
  <system-out><![CDATA[]]></system-out>
  <system-err><![CDATA[]]></system-err>
</testsuite>
