<?xml version="1.0" encoding="UTF-8"?>
<testsuite name="Controller.TestRecordController" tests="9" skipped="0" failures="0" errors="0" timestamp="2021-03-13T16:05:44" hostname="pop-os" time="0.017">
  <properties/>
  <testcase name="testInStockAfterUpdate" classname="Controller.TestRecordController" time="0.001"/>
  <testcase name="testAddDuplicateID" classname="Controller.TestRecordController" time="0.012"/>
  <testcase name="testPriceAfterUpdate" classname="Controller.TestRecordController" time="0.001"/>
  <testcase name="testRecordTypeAfterUpdate" classname="Controller.TestRecordController" time="0.0"/>
  <testcase name="testRemoveNonexistentItem" classname="Controller.TestRecordController" time="0.001"/>
  <testcase name="testAlbumNameAfterUpdate" classname="Controller.TestRecordController" time="0.0"/>
  <testcase name="testFilterByPrice" classname="Controller.TestRecordController" time="0.001"/>
  <testcase name="testAddAverageCase" classname="Controller.TestRecordController" time="0.0"/>
  <testcase name="testRemove" classname="Controller.TestRecordController" time="0.001"/>
  <system-out><![CDATA[]]></system-out>
  <system-err><![CDATA[]]></system-err>
</testsuite>
