<?xml version="1.0" encoding="UTF-8"?>
<testsuite name="Model.TestUser" tests="5" skipped="0" failures="0" errors="0" timestamp="2021-03-09T09:17:58" hostname="DESKTOP-F1BJT3D" time="0.002">
  <properties/>
  <testcase name="testGetId" classname="Model.TestUser" time="0.0"/>
  <testcase name="testSetId" classname="Model.TestUser" time="0.0"/>
  <testcase name="testGetLastName" classname="Model.TestUser" time="0.001"/>
  <testcase name="testGetNumberOfTransactions" classname="Model.TestUser" time="0.0"/>
  <testcase name="testGetFirstName" classname="Model.TestUser" time="0.0"/>
  <system-out><![CDATA[]]></system-out>
  <system-err><![CDATA[]]></system-err>
</testsuite>
