<?xml version="1.0" encoding="UTF-8"?>
<testsuite name="Model.TestTransaction" tests="6" skipped="0" failures="0" errors="0" timestamp="2021-03-13T16:05:44" hostname="pop-os" time="0.001">
  <properties/>
  <testcase name="testGetId" classname="Model.TestTransaction" time="0.0"/>
  <testcase name="testSetId" classname="Model.TestTransaction" time="0.001"/>
  <testcase name="testGetDate" classname="Model.TestTransaction" time="0.0"/>
  <testcase name="testGetQuantity" classname="Model.TestTransaction" time="0.0"/>
  <testcase name="testGetUserID" classname="Model.TestTransaction" time="0.0"/>
  <testcase name="testGeRecordID" classname="Model.TestTransaction" time="0.0"/>
  <system-out><![CDATA[]]></system-out>
  <system-err><![CDATA[]]></system-err>
</testsuite>
