<?xml version="1.0" encoding="UTF-8"?>
<testsuite name="Controller.TestTransactionController" tests="7" skipped="0" failures="0" errors="0" timestamp="2021-03-15T16:32:21" hostname="DESKTOP-KVECA8S" time="0.072">
  <properties/>
  <testcase name="testGetQuantityPurchasedByRecordID" classname="Controller.TestTransactionController" time="0.035"/>
  <testcase name="testMakeTransaction_quantityUpdate" classname="Controller.TestTransactionController" time="0.002"/>
  <testcase name="testFilterByDate" classname="Controller.TestTransactionController" time="0.029"/>
  <testcase name="testGetMostPurchasedRecords" classname="Controller.TestTransactionController" time="0.003"/>
  <testcase name="testMakeTransaction_updatedNumberOfTransactionsForUser" classname="Controller.TestTransactionController" time="0.001"/>
  <testcase name="testMakeTransaction_multipleTransactions" classname="Controller.TestTransactionController" time="0.001"/>
  <testcase name="testMakeTransaction_oneTransaction" classname="Controller.TestTransactionController" time="0.0"/>
  <system-out><![CDATA[]]></system-out>
  <system-err><![CDATA[]]></system-err>
</testsuite>
