<?xml version="1.0" encoding="UTF-8"?>
<testsuite name="Repository.TestInMemoryRepository" tests="7" skipped="0" failures="0" errors="0" timestamp="2021-03-09T09:17:58" hostname="DESKTOP-F1BJT3D" time="0.005">
  <properties/>
  <testcase name="testUpdateException" classname="Repository.TestInMemoryRepository" time="0.003"/>
  <testcase name="testFindAll" classname="Repository.TestInMemoryRepository" time="0.0"/>
  <testcase name="testFindOne" classname="Repository.TestInMemoryRepository" time="0.001"/>
  <testcase name="testSave" classname="Repository.TestInMemoryRepository" time="0.0"/>
  <testcase name="testDelete" classname="Repository.TestInMemoryRepository" time="0.0"/>
  <testcase name="testSaveException" classname="Repository.TestInMemoryRepository" time="0.001"/>
  <testcase name="testUpdate" classname="Repository.TestInMemoryRepository" time="0.0"/>
  <system-out><![CDATA[]]></system-out>
  <system-err><![CDATA[]]></system-err>
</testsuite>
