<?xml version="1.0" encoding="UTF-8"?>
<testsuite name="Controller.TestUserController" tests="9" skipped="0" failures="0" errors="0" timestamp="2021-03-13T16:05:44" hostname="pop-os" time="0.009">
  <properties/>
  <testcase name="testFilterByNumberOfTransactions_numberOfUsersReturned" classname="Controller.TestUserController" time="0.004"/>
  <testcase name="testAddDuplicateID" classname="Controller.TestUserController" time="0.001"/>
  <testcase name="testFilterByNumberOfTransactions_userReturned" classname="Controller.TestUserController" time="0.002"/>
  <testcase name="testNumberOfTransactionsAfterUpdate" classname="Controller.TestUserController" time="0.0"/>
  <testcase name="testRemoveNonexistentUser" classname="Controller.TestUserController" time="0.001"/>
  <testcase name="testFirstNameAfterUpdate" classname="Controller.TestUserController" time="0.0"/>
  <testcase name="testLastNameAfterUpdate" classname="Controller.TestUserController" time="0.001"/>
  <testcase name="testAddAverageCase" classname="Controller.TestUserController" time="0.0"/>
  <testcase name="testRemove" classname="Controller.TestUserController" time="0.0"/>
  <system-out><![CDATA[User 1: bbb aaa No. of transactions: 100
User 1: bbb aaa No. of transactions: 100
]]></system-out>
  <system-err><![CDATA[]]></system-err>
</testsuite>
