<?xml version="1.0" encoding="UTF-8"?>
<testsuite name="Model.TestTransaction" tests="6" skipped="0" failures="0" errors="0" timestamp="2021-03-09T09:17:58" hostname="DESKTOP-F1BJT3D" time="0.003">
  <properties/>
  <testcase name="testGetId" classname="Model.TestTransaction" time="0.001"/>
  <testcase name="testSetId" classname="Model.TestTransaction" time="0.0"/>
  <testcase name="testGetDate" classname="Model.TestTransaction" time="0.001"/>
  <testcase name="testGetQuantity" classname="Model.TestTransaction" time="0.0"/>
  <testcase name="testGetUserID" classname="Model.TestTransaction" time="0.0"/>
  <testcase name="testGeRecordID" classname="Model.TestTransaction" time="0.0"/>
  <system-out><![CDATA[]]></system-out>
  <system-err><![CDATA[]]></system-err>
</testsuite>
