<?xml version="1.0" encoding="UTF-8"?>
<testsuite name="Test.Model.TestTransaction" tests="6" skipped="0" failures="0" errors="0" timestamp="2021-03-09T00:18:47" hostname="DESKTOP-F1BJT3D" time="0.006">
  <properties/>
  <testcase name="testGetId" classname="Test.Model.TestTransaction" time="0.001"/>
  <testcase name="testSetId" classname="Test.Model.TestTransaction" time="0.0"/>
  <testcase name="testGetDate" classname="Test.Model.TestTransaction" time="0.0"/>
  <testcase name="testGetQuantity" classname="Test.Model.TestTransaction" time="0.001"/>
  <testcase name="testGetUserID" classname="Test.Model.TestTransaction" time="0.001"/>
  <testcase name="testGeRecordID" classname="Test.Model.TestTransaction" time="0.001"/>
  <system-out><![CDATA[]]></system-out>
  <system-err><![CDATA[]]></system-err>
</testsuite>
