<?xml version="1.0" encoding="UTF-8"?>
<testsuite name="Controller.TestUserController" tests="9" skipped="0" failures="0" errors="0" timestamp="2021-03-15T16:32:22" hostname="DESKTOP-KVECA8S" time="0.023">
  <properties/>
  <testcase name="testFilterByNumberOfTransactions_numberOfUsersReturned" classname="Controller.TestUserController" time="0.008"/>
  <testcase name="testAddDuplicateID" classname="Controller.TestUserController" time="0.001"/>
  <testcase name="testFilterByNumberOfTransactions_userReturned" classname="Controller.TestUserController" time="0.008"/>
  <testcase name="testNumberOfTransactionsAfterUpdate" classname="Controller.TestUserController" time="0.001"/>
  <testcase name="testRemoveNonexistentUser" classname="Controller.TestUserController" time="0.001"/>
  <testcase name="testFirstNameAfterUpdate" classname="Controller.TestUserController" time="0.001"/>
  <testcase name="testLastNameAfterUpdate" classname="Controller.TestUserController" time="0.0"/>
  <testcase name="testAddAverageCase" classname="Controller.TestUserController" time="0.0"/>
  <testcase name="testRemove" classname="Controller.TestUserController" time="0.001"/>
  <system-out><![CDATA[User 1: bbb aaa No. of transactions: 100
User 1: bbb aaa No. of transactions: 100
]]></system-out>
  <system-err><![CDATA[]]></system-err>
</testsuite>
