<?xml version="1.0" encoding="UTF-8"?>
<testsuite name="Test.Model.TestUser" tests="5" skipped="0" failures="0" errors="0" timestamp="2021-03-09T00:18:47" hostname="DESKTOP-F1BJT3D" time="0.01">
  <properties/>
  <testcase name="testGetId" classname="Test.Model.TestUser" time="0.002"/>
  <testcase name="testSetId" classname="Test.Model.TestUser" time="0.001"/>
  <testcase name="testGetLastName" classname="Test.Model.TestUser" time="0.002"/>
  <testcase name="testGetNumberOfTransactions" classname="Test.Model.TestUser" time="0.0"/>
  <testcase name="testGetFirstName" classname="Test.Model.TestUser" time="0.001"/>
  <system-out><![CDATA[]]></system-out>
  <system-err><![CDATA[]]></system-err>
</testsuite>
