<?xml version="1.0" encoding="UTF-8"?>
<testsuite name="Model.TestRecord" tests="6" skipped="0" failures="0" errors="0" timestamp="2021-03-15T16:32:22" hostname="DESKTOP-KVECA8S" time="0.002">
  <properties/>
  <testcase name="testGetInStock" classname="Model.TestRecord" time="0.0"/>
  <testcase name="testGetPrice" classname="Model.TestRecord" time="0.001"/>
  <testcase name="testGetId" classname="Model.TestRecord" time="0.0"/>
  <testcase name="testSetId" classname="Model.TestRecord" time="0.0"/>
  <testcase name="testGetTypeOfRecord" classname="Model.TestRecord" time="0.0"/>
  <testcase name="testGetAlbumName" classname="Model.TestRecord" time="0.001"/>
  <system-out><![CDATA[]]></system-out>
  <system-err><![CDATA[]]></system-err>
</testsuite>
