<?xml version="1.0" encoding="UTF-8"?>
<testsuite name="Model.TestUser" tests="5" skipped="0" failures="0" errors="0" timestamp="2021-03-13T16:05:44" hostname="pop-os" time="0.002">
  <properties/>
  <testcase name="testGetId" classname="Model.TestUser" time="0.001"/>
  <testcase name="testSetId" classname="Model.TestUser" time="0.0"/>
  <testcase name="testGetLastName" classname="Model.TestUser" time="0.0"/>
  <testcase name="testGetNumberOfTransactions" classname="Model.TestUser" time="0.0"/>
  <testcase name="testGetFirstName" classname="Model.TestUser" time="0.001"/>
  <system-out><![CDATA[]]></system-out>
  <system-err><![CDATA[]]></system-err>
</testsuite>
